========================================
Training All 1D Poisson Models
========================================

Using GPU: 0

Activating virtual environment...
========================================
1/8: Training Dense Net (MLP)
========================================
/cluster/home/tawal01/ASR/venv/lib/python3.10/site-packages/torch/utils/data/dataloader.py:617: UserWarning: This DataLoader will create 8 worker processes in total. Our suggested max number of worker in current system is 2, which is smaller than what this DataLoader is going to create. Please be aware that excessive worker creation might get DataLoader running slow or even freeze, lower the worker number to avoid potential slowness/freeze if necessary.
  warnings.warn(
config loaded.
train dataset: size=10000
  source: shape=(1, 256)
  solution: shape=(1, 256)
val dataset: size=2000
  source: shape=(1, 256)
  solution: shape=(1, 256)
Traceback (most recent call last):
  File "/cluster/home/tawal01/ASR/2025-10-18/train_poisson1d.py", line 460, in <module>
    main(config, save_path)
  File "/cluster/home/tawal01/ASR/2025-10-18/train_poisson1d.py", line 316, in main
    model, optimizer, epoch_start, lr_scheduler = prepare_training()
  File "/cluster/home/tawal01/ASR/2025-10-18/train_poisson1d.py", line 99, in prepare_training
    model = models.make(config['model']).cuda()
  File "/cluster/home/tawal01/ASR/venv/lib/python3.10/site-packages/torch/nn/modules/module.py", line 1050, in cuda
    return self._apply(lambda t: t.cuda(device))
  File "/cluster/home/tawal01/ASR/venv/lib/python3.10/site-packages/torch/nn/modules/module.py", line 900, in _apply
    module._apply(fn)
  File "/cluster/home/tawal01/ASR/venv/lib/python3.10/site-packages/torch/nn/modules/module.py", line 900, in _apply
    module._apply(fn)
  File "/cluster/home/tawal01/ASR/venv/lib/python3.10/site-packages/torch/nn/modules/module.py", line 927, in _apply
    param_applied = fn(param)
  File "/cluster/home/tawal01/ASR/venv/lib/python3.10/site-packages/torch/nn/modules/module.py", line 1050, in <lambda>
    return self._apply(lambda t: t.cuda(device))
  File "/cluster/home/tawal01/ASR/venv/lib/python3.10/site-packages/torch/cuda/__init__.py", line 319, in _lazy_init
    torch._C._cuda_init()
RuntimeError: Found no NVIDIA driver on your system. Please check that you have an NVIDIA GPU and installed a driver from http://www.nvidia.com/Download/index.aspx

Dense Net training complete!

========================================
2/8: Training Micro CNN
========================================
/cluster/home/tawal01/ASR/venv/lib/python3.10/site-packages/torch/utils/data/dataloader.py:617: UserWarning: This DataLoader will create 8 worker processes in total. Our suggested max number of worker in current system is 2, which is smaller than what this DataLoader is going to create. Please be aware that excessive worker creation might get DataLoader running slow or even freeze, lower the worker number to avoid potential slowness/freeze if necessary.
  warnings.warn(
config loaded.
train dataset: size=10000
  source: shape=(1, 256)
  solution: shape=(1, 256)
val dataset: size=2000
  source: shape=(1, 256)
  solution: shape=(1, 256)
Traceback (most recent call last):
  File "/cluster/home/tawal01/ASR/2025-10-18/train_poisson1d.py", line 460, in <module>
    main(config, save_path)
  File "/cluster/home/tawal01/ASR/2025-10-18/train_poisson1d.py", line 316, in main
    model, optimizer, epoch_start, lr_scheduler = prepare_training()
  File "/cluster/home/tawal01/ASR/2025-10-18/train_poisson1d.py", line 99, in prepare_training
    model = models.make(config['model']).cuda()
  File "/cluster/home/tawal01/ASR/venv/lib/python3.10/site-packages/torch/nn/modules/module.py", line 1050, in cuda
    return self._apply(lambda t: t.cuda(device))
  File "/cluster/home/tawal01/ASR/venv/lib/python3.10/site-packages/torch/nn/modules/module.py", line 900, in _apply
    module._apply(fn)
  File "/cluster/home/tawal01/ASR/venv/lib/python3.10/site-packages/torch/nn/modules/module.py", line 900, in _apply
    module._apply(fn)
  File "/cluster/home/tawal01/ASR/venv/lib/python3.10/site-packages/torch/nn/modules/module.py", line 927, in _apply
    param_applied = fn(param)
  File "/cluster/home/tawal01/ASR/venv/lib/python3.10/site-packages/torch/nn/modules/module.py", line 1050, in <lambda>
    return self._apply(lambda t: t.cuda(device))
  File "/cluster/home/tawal01/ASR/venv/lib/python3.10/site-packages/torch/cuda/__init__.py", line 319, in _lazy_init
    torch._C._cuda_init()
RuntimeError: Found no NVIDIA driver on your system. Please check that you have an NVIDIA GPU and installed a driver from http://www.nvidia.com/Download/index.aspx

Micro CNN training complete!

========================================
3/8: Training Nano U-Net
========================================
/cluster/home/tawal01/ASR/venv/lib/python3.10/site-packages/torch/utils/data/dataloader.py:617: UserWarning: This DataLoader will create 8 worker processes in total. Our suggested max number of worker in current system is 2, which is smaller than what this DataLoader is going to create. Please be aware that excessive worker creation might get DataLoader running slow or even freeze, lower the worker number to avoid potential slowness/freeze if necessary.
  warnings.warn(
config loaded.
train dataset: size=10000
  source: shape=(1, 256)
  solution: shape=(1, 256)
val dataset: size=2000
  source: shape=(1, 256)
  solution: shape=(1, 256)
Traceback (most recent call last):
  File "/cluster/home/tawal01/ASR/2025-10-18/train_poisson1d.py", line 460, in <module>
    main(config, save_path)
  File "/cluster/home/tawal01/ASR/2025-10-18/train_poisson1d.py", line 316, in main
    model, optimizer, epoch_start, lr_scheduler = prepare_training()
  File "/cluster/home/tawal01/ASR/2025-10-18/train_poisson1d.py", line 99, in prepare_training
    model = models.make(config['model']).cuda()
  File "/cluster/home/tawal01/ASR/venv/lib/python3.10/site-packages/torch/nn/modules/module.py", line 1050, in cuda
    return self._apply(lambda t: t.cuda(device))
  File "/cluster/home/tawal01/ASR/venv/lib/python3.10/site-packages/torch/nn/modules/module.py", line 900, in _apply
    module._apply(fn)
  File "/cluster/home/tawal01/ASR/venv/lib/python3.10/site-packages/torch/nn/modules/module.py", line 900, in _apply
    module._apply(fn)
  File "/cluster/home/tawal01/ASR/venv/lib/python3.10/site-packages/torch/nn/modules/module.py", line 927, in _apply
    param_applied = fn(param)
  File "/cluster/home/tawal01/ASR/venv/lib/python3.10/site-packages/torch/nn/modules/module.py", line 1050, in <lambda>
    return self._apply(lambda t: t.cuda(device))
  File "/cluster/home/tawal01/ASR/venv/lib/python3.10/site-packages/torch/cuda/__init__.py", line 319, in _lazy_init
    torch._C._cuda_init()
RuntimeError: Found no NVIDIA driver on your system. Please check that you have an NVIDIA GPU and installed a driver from http://www.nvidia.com/Download/index.aspx

Nano U-Net training complete!

========================================
4/8: Training Nano U-Net Deep
========================================
/cluster/home/tawal01/ASR/venv/lib/python3.10/site-packages/torch/utils/data/dataloader.py:617: UserWarning: This DataLoader will create 8 worker processes in total. Our suggested max number of worker in current system is 2, which is smaller than what this DataLoader is going to create. Please be aware that excessive worker creation might get DataLoader running slow or even freeze, lower the worker number to avoid potential slowness/freeze if necessary.
  warnings.warn(
config loaded.
train dataset: size=10000
  source: shape=(1, 256)
  solution: shape=(1, 256)
val dataset: size=2000
  source: shape=(1, 256)
  solution: shape=(1, 256)
Traceback (most recent call last):
  File "/cluster/home/tawal01/ASR/2025-10-18/train_poisson1d.py", line 460, in <module>
    main(config, save_path)
  File "/cluster/home/tawal01/ASR/2025-10-18/train_poisson1d.py", line 316, in main
    model, optimizer, epoch_start, lr_scheduler = prepare_training()
  File "/cluster/home/tawal01/ASR/2025-10-18/train_poisson1d.py", line 99, in prepare_training
    model = models.make(config['model']).cuda()
  File "/cluster/home/tawal01/ASR/venv/lib/python3.10/site-packages/torch/nn/modules/module.py", line 1050, in cuda
    return self._apply(lambda t: t.cuda(device))
  File "/cluster/home/tawal01/ASR/venv/lib/python3.10/site-packages/torch/nn/modules/module.py", line 900, in _apply
    module._apply(fn)
  File "/cluster/home/tawal01/ASR/venv/lib/python3.10/site-packages/torch/nn/modules/module.py", line 900, in _apply
    module._apply(fn)
  File "/cluster/home/tawal01/ASR/venv/lib/python3.10/site-packages/torch/nn/modules/module.py", line 927, in _apply
    param_applied = fn(param)
  File "/cluster/home/tawal01/ASR/venv/lib/python3.10/site-packages/torch/nn/modules/module.py", line 1050, in <lambda>
    return self._apply(lambda t: t.cuda(device))
  File "/cluster/home/tawal01/ASR/venv/lib/python3.10/site-packages/torch/cuda/__init__.py", line 319, in _lazy_init
    torch._C._cuda_init()
RuntimeError: Found no NVIDIA driver on your system. Please check that you have an NVIDIA GPU and installed a driver from http://www.nvidia.com/Download/index.aspx

Nano U-Net Deep training complete!

========================================
8/8: Training FNO-1D Advanced ⭐⭐
Expected: 0.001-0.05% relative L2 error
Most powerful - targets 0.01% goal!
========================================
/cluster/home/tawal01/ASR/venv/lib/python3.10/site-packages/torch/utils/data/dataloader.py:617: UserWarning: This DataLoader will create 8 worker processes in total. Our suggested max number of worker in current system is 2, which is smaller than what this DataLoader is going to create. Please be aware that excessive worker creation might get DataLoader running slow or even freeze, lower the worker number to avoid potential slowness/freeze if necessary.
  warnings.warn(
config loaded.
train dataset: size=10000
  source: shape=(1, 256)
  solution: shape=(1, 256)
val dataset: size=2000
  source: shape=(1, 256)
  solution: shape=(1, 256)
Traceback (most recent call last):
  File "/cluster/home/tawal01/ASR/2025-10-18/train_poisson1d.py", line 460, in <module>
    main(config, save_path)
  File "/cluster/home/tawal01/ASR/2025-10-18/train_poisson1d.py", line 316, in main
    model, optimizer, epoch_start, lr_scheduler = prepare_training()
  File "/cluster/home/tawal01/ASR/2025-10-18/train_poisson1d.py", line 99, in prepare_training
    model = models.make(config['model']).cuda()
  File "/cluster/home/tawal01/ASR/venv/lib/python3.10/site-packages/torch/nn/modules/module.py", line 1050, in cuda
    return self._apply(lambda t: t.cuda(device))
  File "/cluster/home/tawal01/ASR/venv/lib/python3.10/site-packages/torch/nn/modules/module.py", line 900, in _apply
    module._apply(fn)
  File "/cluster/home/tawal01/ASR/venv/lib/python3.10/site-packages/torch/nn/modules/module.py", line 900, in _apply
    module._apply(fn)
  File "/cluster/home/tawal01/ASR/venv/lib/python3.10/site-packages/torch/nn/modules/module.py", line 927, in _apply
    param_applied = fn(param)
  File "/cluster/home/tawal01/ASR/venv/lib/python3.10/site-packages/torch/nn/modules/module.py", line 1050, in <lambda>
    return self._apply(lambda t: t.cuda(device))
  File "/cluster/home/tawal01/ASR/venv/lib/python3.10/site-packages/torch/cuda/__init__.py", line 319, in _lazy_init
    torch._C._cuda_init()
RuntimeError: Found no NVIDIA driver on your system. Please check that you have an NVIDIA GPU and installed a driver from http://www.nvidia.com/Download/index.aspx

FNO-1D Advanced training complete!

========================================
All models trained successfully!
========================================

Results saved in save/ directory:
  - save/poisson1d_dense/
  - save/poisson1d_micro_cnn/
  - save/poisson1d_nano_unet/
  - save/poisson1d_nano_unet_deep/
  - save/poisson1d_better_cnn/
  - save/poisson1d_unet_medium/
  - save/poisson1d_fno/
  - save/poisson1d_fno_advanced/

To visualize results:
  python inference_all_models.py --output_dir inference_results_all

